"sync success " 
"sync success 2020/07/06 周一16:38:57.06" 
"sync success 2020/07/06 周一16:42:06.87" 
Already up to date.
"sync success 2020/07/06 周一16:42:32.34" 
[master 0f34a1a] sync
 2 files changed, 6 insertions(+), 6 deletions(-)
Already up to date.
"sync success 2020/07/06 周一16:42:39.00" 
[master 55f56df] sync
 1 file changed, 4 insertions(+)
"start======================2020/07/06 周一16:42:59.56"   
Already up to date.
"sync success 2020/07/06 周一16:43:00.23" 
[master b5bc06d] sync
 2 files changed, 8 insertions(+), 3 deletions(-)
"end======================2020/07/06 周一16:43:02.21"    
Already up to date.
"sync success 2020/07/06 周一16:54:45.52" 
[master 45bc732] sync
 1 file changed, 5 insertions(+)
"end======================2020/07/06 周一16:54:47.39"    
"start======================2020/07/06 周一16:55:04.07"   
Already up to date.
"sync success 2020/07/06 周一16:55:04.76" 
[master 13eb5df] sync
 1 file changed, 6 insertions(+)
"end======================2020/07/06 周一16:55:08.15"    
"start======================2020/07/06 周一16:55:16.95"   
Already up to date.
"sync success 2020/07/06 周一16:55:17.64" 
[master 47e2468] sync
 1 file changed, 6 insertions(+)
"end======================2020/07/06 周一16:55:19.65"    
"start======================2020/07/06 周一17:00:00.41"   
Already up to date.
"sync success 2020/07/06 周一17:00:01.11" 
[master 0accd66] sync
 2 files changed, 10 insertions(+), 4 deletions(-)
"end======================2020/07/06 周一17:00:03.02"    
"start======================2020/07/06 周一17:56:28.53"   
Updating 0accd66..f82ab08
Fast-forward
 1594028692_20200706173452498_4960.png  | Bin 0 -> 63557 bytes
 1594028693_20200706173510745_16958.png | Bin 0 -> 56810 bytes
 1594028693_20200706173528492_26580.png | Bin 0 -> 6129 bytes
 1594028693_20200706173552579_14380.png | Bin 0 -> 34324 bytes
 1594028694_20200706173603785_15562.png | Bin 0 -> 27721 bytes
 1594028694_20200706173616582_25396.png | Bin 0 -> 9895 bytes
 1594028694_20200706173813251_21396.png | Bin 0 -> 35214 bytes
 1594028695_20200706173826145_5701.png  | Bin 0 -> 83374 bytes
 1594028695_20200706173843816_5810.png  | Bin 0 -> 16266 bytes
 1594028695_20200706173859940_28700.png | Bin 0 -> 6210 bytes
 1594028696_20200706173917578_30520.png | Bin 0 -> 8209 bytes
 1594028696_20200706173930722_32135.png | Bin 0 -> 21777 bytes
 1594028696_20200706173948636_22179.png | Bin 0 -> 68339 bytes
 1594028697_20200706173959672_2666.png  | Bin 0 -> 65898 bytes
 1594028697_20200706174010802_26676.png | Bin 0 -> 10945 bytes
 1594028698_20200706174021770_39.png    | Bin 0 -> 20375 bytes
 1594028698_20200706174123899_3657.png  | Bin 0 -> 101956 bytes
 1594028699_20200706174135771_25634.png | Bin 0 -> 45454 bytes
 1594028699_20200706174152592_6986.png  | Bin 0 -> 12232 bytes
 1594028699_20200706174205602_24429.png | Bin 0 -> 9720 bytes
 1594028700_20200706174215234_23326.png | Bin 0 -> 9781 bytes
 1594028700_20200706174239997_16620.png | Bin 0 -> 8185 bytes
 1594028700_20200706174306214_13672.png | Bin 0 -> 63272 bytes
 1594028701_20200706174324240_14662.png | Bin 0 -> 27005 bytes
 1594028701_20200706174335252_3435.png  | Bin 0 -> 7600 bytes
 1594028701_20200706174350966_307.png   | Bin 0 -> 19803 bytes
 1594028702_20200706174400731_26337.png | Bin 0 -> 19294 bytes
 1594028702_20200706174419331_32182.png | Bin 0 -> 8748 bytes
 1594028703_20200706174431442_203.png   | Bin 0 -> 20236 bytes
 1594029084_20200706174526253_29069.png | Bin 0 -> 161636 bytes
 1594029085_20200706174542069_15260.png | Bin 0 -> 71146 bytes
 1594029086_20200706174553321_31897.png | Bin 0 -> 93805 bytes
 1594029086_20200706174602868_402.png   | Bin 0 -> 29535 bytes
 1594029086_20200706174741207_27270.png | Bin 0 -> 76040 bytes
 1594029087_20200706174752601_6395.png  | Bin 0 -> 314185 bytes
 1594029088_20200706174806940_7896.png  | Bin 0 -> 39597 bytes
 1594029089_20200706174817817_12801.png | Bin 0 -> 75869 bytes
 1594029089_20200706174827528_16636.png | Bin 0 -> 87300 bytes
 1594029089_20200706174838738_22166.png | Bin 0 -> 11854 bytes
 1594029090_20200706174847538_14929.png | Bin 0 -> 18487 bytes
 1594029090_20200706174859251_7417.png  | Bin 0 -> 10937 bytes
 1594029090_20200706174910330_6440.png  | Bin 0 -> 36619 bytes
 1594029091_20200706174922921_3856.png  | Bin 0 -> 15646 bytes
 1594029091_20200706174932373_10538.png | Bin 0 -> 15837 bytes
 1594029091_20200706174943145_30170.png | Bin 0 -> 22758 bytes
 1594029091_20200706174951997_21378.png | Bin 0 -> 35082 bytes
 1594029092_20200706175000633_29009.png | Bin 0 -> 50759 bytes
 1594029092_20200706175013593_11706.png | Bin 0 -> 57293 bytes
 1594029092_20200706175027360_18542.png | Bin 0 -> 27067 bytes
 1594029093_20200706175035030_5172.png  | Bin 0 -> 13862 bytes
 1594029093_20200706175044992_31276.png | Bin 0 -> 32020 bytes
 1594029094_20200706175059199_21916.png | Bin 0 -> 293754 bytes
 1594029248_20200706175214070_24270.png | Bin 0 -> 5477 bytes
 1594029248_20200706175221102_28990.png | Bin 0 -> 23608 bytes
 1594029249_20200706175235144_4866.png  | Bin 0 -> 13052 bytes
 1594029249_20200706175247493_2540.png  | Bin 0 -> 35189 bytes
 1594029249_20200706175259155_6715.png  | Bin 0 -> 11747 bytes
 1594029250_20200706175308157_11545.png | Bin 0 -> 5876 bytes
 1594029250_20200706175318603_76.png    | Bin 0 -> 10553 bytes
 59 files changed, 0 insertions(+), 0 deletions(-)
 create mode 100644 1594028692_20200706173452498_4960.png
 create mode 100644 1594028693_20200706173510745_16958.png
 create mode 100644 1594028693_20200706173528492_26580.png
 create mode 100644 1594028693_20200706173552579_14380.png
 create mode 100644 1594028694_20200706173603785_15562.png
 create mode 100644 1594028694_20200706173616582_25396.png
 create mode 100644 1594028694_20200706173813251_21396.png
 create mode 100644 1594028695_20200706173826145_5701.png
 create mode 100644 1594028695_20200706173843816_5810.png
 create mode 100644 1594028695_20200706173859940_28700.png
 create mode 100644 1594028696_20200706173917578_30520.png
 create mode 100644 1594028696_20200706173930722_32135.png
 create mode 100644 1594028696_20200706173948636_22179.png
 create mode 100644 1594028697_20200706173959672_2666.png
 create mode 100644 1594028697_20200706174010802_26676.png
 create mode 100644 1594028698_20200706174021770_39.png
 create mode 100644 1594028698_20200706174123899_3657.png
 create mode 100644 1594028699_20200706174135771_25634.png
 create mode 100644 1594028699_20200706174152592_6986.png
 create mode 100644 1594028699_20200706174205602_24429.png
 create mode 100644 1594028700_20200706174215234_23326.png
 create mode 100644 1594028700_20200706174239997_16620.png
 create mode 100644 1594028700_20200706174306214_13672.png
 create mode 100644 1594028701_20200706174324240_14662.png
 create mode 100644 1594028701_20200706174335252_3435.png
 create mode 100644 1594028701_20200706174350966_307.png
 create mode 100644 1594028702_20200706174400731_26337.png
 create mode 100644 1594028702_20200706174419331_32182.png
 create mode 100644 1594028703_20200706174431442_203.png
 create mode 100644 1594029084_20200706174526253_29069.png
 create mode 100644 1594029085_20200706174542069_15260.png
 create mode 100644 1594029086_20200706174553321_31897.png
 create mode 100644 1594029086_20200706174602868_402.png
 create mode 100644 1594029086_20200706174741207_27270.png
 create mode 100644 1594029087_20200706174752601_6395.png
 create mode 100644 1594029088_20200706174806940_7896.png
 create mode 100644 1594029089_20200706174817817_12801.png
 create mode 100644 1594029089_20200706174827528_16636.png
 create mode 100644 1594029089_20200706174838738_22166.png
 create mode 100644 1594029090_20200706174847538_14929.png
 create mode 100644 1594029090_20200706174859251_7417.png
 create mode 100644 1594029090_20200706174910330_6440.png
 create mode 100644 1594029091_20200706174922921_3856.png
 create mode 100644 1594029091_20200706174932373_10538.png
 create mode 100644 1594029091_20200706174943145_30170.png
 create mode 100644 1594029091_20200706174951997_21378.png
 create mode 100644 1594029092_20200706175000633_29009.png
 create mode 100644 1594029092_20200706175013593_11706.png
 create mode 100644 1594029092_20200706175027360_18542.png
 create mode 100644 1594029093_20200706175035030_5172.png
 create mode 100644 1594029093_20200706175044992_31276.png
 create mode 100644 1594029094_20200706175059199_21916.png
 create mode 100644 1594029248_20200706175214070_24270.png
 create mode 100644 1594029248_20200706175221102_28990.png
 create mode 100644 1594029249_20200706175235144_4866.png
 create mode 100644 1594029249_20200706175247493_2540.png
 create mode 100644 1594029249_20200706175259155_6715.png
 create mode 100644 1594029250_20200706175308157_11545.png
 create mode 100644 1594029250_20200706175318603_76.png
"sync success 2020/07/06 周一17:56:32.18" 
